Using pre-set license
Built from '2021.3/staging' branch; Version is '2021.3.24f1 (cf10dcf7010d) revision 13570268'; Using compiler version '192829333'; Build Type 'Release'
OS: 'Windows 11  (10.0.22621) 64bit Professional' Language: 'tr' Physical Memory: 16085 MB
BatchMode: 1, IsHumanControllingUs: 0, StartBugReporterOnCrash: 0, Is64bit: 1, IsPro: 1

COMMAND LINE ARGUMENTS:
C:\Program Files\Unity\Hub\Editor\2021.3.24f1\Editor\Unity.exe
-adb2
-batchMode
-noUpm
-name
AssetImportWorker0
-projectPath
C:/Users/sinan/OneDrive/Masaüstü/Unity-Design-Patterns/UnityDesignPatterns
-logFile
Logs/AssetImportWorker0.log
-srvPort
49571
Successfully changed project path to: C:/Users/sinan/OneDrive/Masaüstü/Unity-Design-Patterns/UnityDesignPatterns
C:/Users/sinan/OneDrive/Masaüstü/Unity-Design-Patterns/UnityDesignPatterns
[UnityMemory] Configuration Parameters - Can be set up in boot.config
    "memorysetup-bucket-allocator-granularity=16"
    "memorysetup-bucket-allocator-bucket-count=8"
    "memorysetup-bucket-allocator-block-size=33554432"
    "memorysetup-bucket-allocator-block-count=8"
    "memorysetup-main-allocator-block-size=16777216"
    "memorysetup-thread-allocator-block-size=16777216"
    "memorysetup-gfx-main-allocator-block-size=16777216"
    "memorysetup-gfx-thread-allocator-block-size=16777216"
    "memorysetup-cache-allocator-block-size=4194304"
    "memorysetup-typetree-allocator-block-size=2097152"
    "memorysetup-profiler-bucket-allocator-granularity=16"
    "memorysetup-profiler-bucket-allocator-bucket-count=8"
    "memorysetup-profiler-bucket-allocator-block-size=33554432"
    "memorysetup-profiler-bucket-allocator-block-count=8"
    "memorysetup-profiler-allocator-block-size=16777216"
    "memorysetup-profiler-editor-allocator-block-size=1048576"
    "memorysetup-temp-allocator-size-main=16777216"
    "memorysetup-job-temp-allocator-block-size=2097152"
    "memorysetup-job-temp-allocator-block-size-background=1048576"
    "memorysetup-job-temp-allocator-reduction-small-platforms=262144"
    "memorysetup-temp-allocator-size-background-worker=32768"
    "memorysetup-temp-allocator-size-job-worker=262144"
    "memorysetup-temp-allocator-size-preload-manager=33554432"
    "memorysetup-temp-allocator-size-nav-mesh-worker=65536"
    "memorysetup-temp-allocator-size-audio-worker=65536"
    "memorysetup-temp-allocator-size-cloud-worker=32768"
    "memorysetup-temp-allocator-size-gi-baking-worker=262144"
    "memorysetup-temp-allocator-size-gfx=262144"
Player connection [207880] Host "[IP] 10.0.11.82 [Port] 0 [Flags] 2 [Guid] 3345747059 [EditorId] 3345747059 [Version] 1048832 [Id] WindowsEditor(7,DESKTOP-ARRV7AN) [Debug] 1 [PackageName] WindowsEditor [ProjectName] Editor" joined multi-casting on [225.0.0.222:54997]...

Player connection [207880] Host "[IP] 10.0.11.82 [Port] 0 [Flags] 2 [Guid] 3345747059 [EditorId] 3345747059 [Version] 1048832 [Id] WindowsEditor(7,DESKTOP-ARRV7AN) [Debug] 1 [PackageName] WindowsEditor [ProjectName] Editor" joined alternative multi-casting on [225.0.0.222:34997]...

Refreshing native plugins compatible for Editor in 76.98 ms, found 3 plugins.
Preloading 0 native plugins for Editor in 0.00 ms.
Initialize engine version: 2021.3.24f1 (cf10dcf7010d)
[Subsystems] Discovering subsystems at path C:/Program Files/Unity/Hub/Editor/2021.3.24f1/Editor/Data/Resources/UnitySubsystems
[Subsystems] Discovering subsystems at path C:/Users/sinan/OneDrive/Masaüstü/Unity-Design-Patterns/UnityDesignPatterns/Assets
GfxDevice: creating device client; threaded=0; jobified=0
Direct3D:
    Version:  Direct3D 11.0 [level 11.1]
    Renderer: NVIDIA GeForce RTX 3060 Laptop GPU (ID=0x2520)
    Vendor:   NVIDIA
    VRAM:     6009 MB
    Driver:   31.0.15.3667
Initialize mono
Mono path[0] = 'C:/Program Files/Unity/Hub/Editor/2021.3.24f1/Editor/Data/Managed'
Mono path[1] = 'C:/Program Files/Unity/Hub/Editor/2021.3.24f1/Editor/Data/MonoBleedingEdge/lib/mono/unityjit-win32'
Mono config path = 'C:/Program Files/Unity/Hub/Editor/2021.3.24f1/Editor/Data/MonoBleedingEdge/etc'
Using monoOptions --debugger-agent=transport=dt_socket,embedding=1,server=y,suspend=n,address=127.0.0.1:56620
Begin MonoManager ReloadAssembly
Registering precompiled unity dll's ...
Register platform support module: C:/Program Files/Unity/Hub/Editor/2021.3.24f1/Editor/Data/PlaybackEngines/WebGLSupport/UnityEditor.WebGL.Extensions.dll
Register platform support module: C:/Program Files/Unity/Hub/Editor/2021.3.24f1/Editor/Data/PlaybackEngines/AndroidPlayer/UnityEditor.Android.Extensions.dll
Register platform support module: C:/Program Files/Unity/Hub/Editor/2021.3.24f1/Editor/Data/PlaybackEngines/WindowsStandaloneSupport/UnityEditor.WindowsStandalone.Extensions.dll
Registered in 0.003671 seconds.
Native extension for WindowsStandalone target not found
Native extension for Android target not found
InvalidOperationException: Cannot start process because a file name has not been provided.
  at System.Diagnostics.Process.Start () [0x00024] in <c01a3e84b3c1471e86b1e3fb11d4015b>:0 
  at (wrapper remoting-invoke-with-check) System.Diagnostics.Process.Start()
  at UnityEditor.Android.ProgramAsShellExecute.Start (System.Diagnostics.ProcessStartInfo psi) [0x0000e] in <fa6b86c947e14a6a903c64a6b203942b>:0 
  at UnityEditor.Android.Command.RunWithShellExecute (System.String command, System.String args, System.String workingdir, System.String errorMsg) [0x0003e] in <fa6b86c947e14a6a903c64a6b203942b>:0 
  at UnityEditor.Android.ADB.StartServer () [0x00013] in <fa6b86c947e14a6a903c64a6b203942b>:0 
  at UnityEditor.Android.ADB.Run (System.String[] command, UnityEditor.Android.Command+WaitingForProcessToExit waitingForProcessToExit, System.String errorMsg) [0x0000b] in <fa6b86c947e14a6a903c64a6b203942b>:0 
  at UnityEditor.Android.AndroidDeploymentTargetsExtension.GetKnownTargets (UnityEditor.DeploymentTargets.IDeploymentTargetsMainThreadContext context, UnityEditor.ProgressHandler progressHandler) [0x00284] in <fa6b86c947e14a6a903c64a6b203942b>:0 
  at UnityEditor.Android.TargetScanWorker.ScanSync () [0x00039] in <fa6b86c947e14a6a903c64a6b203942b>:0 
  at UnityEditor.Android.TargetExtension.OnUsbDevicesChanged (UnityEditor.Hardware.UsbDevice[] usbDevices) [0x00081] in <fa6b86c947e14a6a903c64a6b203942b>:0 
  at UnityEditor.Android.TargetExtension.OnLoad () [0x0008d] in <fa6b86c947e14a6a903c64a6b203942b>:0 
  at UnityEditor.Modules.ModuleManager.InitializePlatformSupportModules () [0x0009d] in <e3d2e3f6a525465bbf8c67432a3cb6ef>:0 

Refreshing native plugins compatible for Editor in 354.11 ms, found 3 plugins.
Preloading 0 native plugins for Editor in 0.00 ms.
Mono: successfully reloaded assembly
- Completed reload, in  0.917 seconds
Domain Reload Profiling:
	ReloadAssembly (917ms)
		BeginReloadAssembly (60ms)
			ExecutionOrderSort (0ms)
			DisableScriptedObjects (0ms)
			BackupInstance (0ms)
			ReleaseScriptingObjects (0ms)
			CreateAndSetChildDomain (1ms)
		EndReloadAssembly (779ms)
			LoadAssemblies (59ms)
			RebuildTransferFunctionScriptingTraits (0ms)
			SetupTypeCache (84ms)
			ReleaseScriptCaches (0ms)
			RebuildScriptCaches (23ms)
			SetupLoadedEditorAssemblies (630ms)
				LogAssemblyErrors (0ms)
				InitializePlatformSupportModulesInManaged (88ms)
				SetLoadedEditorAssemblies (0ms)
				RefreshPlugins (354ms)
				BeforeProcessingInitializeOnLoad (2ms)
				ProcessInitializeOnLoadAttributes (135ms)
				ProcessInitializeOnLoadMethodAttributes (50ms)
				AfterProcessingInitializeOnLoad (0ms)
				EditorAssembliesLoaded (0ms)
			ExecutionOrderSort2 (0ms)
			AwakeInstancesAfterBackupRestoration (0ms)
Native extension for WindowsStandalone target not found
Native extension for Android target not found
Native extension for WebGL target not found
Registering precompiled user dll's ...
Registered in 0.005761 seconds.
Begin MonoManager ReloadAssembly
Symbol file LoadedFromMemory doesn't match image C:\Users\sinan\OneDrive\Masaüstü\Unity-Design-Patterns\UnityDesignPatterns\Library\PackageCache\com.unity.visualscripting@1.8.0\Editor\VisualScripting.Core\Dependencies\YamlDotNet\Unity.VisualScripting.YamlDotNet.dll
Symbol file LoadedFromMemory doesn't match image C:\Users\sinan\OneDrive\Masaüstü\Unity-Design-Patterns\UnityDesignPatterns\Library\PackageCache\com.unity.visualscripting@1.8.0\Editor\VisualScripting.Core\Dependencies\DotNetZip\Unity.VisualScripting.IonicZip.dll
Native extension for WindowsStandalone target not found
Native extension for Android target not found
Native extension for WebGL target not found
Refreshing native plugins compatible for Editor in 0.96 ms, found 3 plugins.
Preloading 0 native plugins for Editor in 0.00 ms.
Mono: successfully reloaded assembly
- Completed reload, in  1.281 seconds
Domain Reload Profiling:
	ReloadAssembly (1282ms)
		BeginReloadAssembly (128ms)
			ExecutionOrderSort (0ms)
			DisableScriptedObjects (7ms)
			BackupInstance (0ms)
			ReleaseScriptingObjects (0ms)
			CreateAndSetChildDomain (25ms)
		EndReloadAssembly (1036ms)
			LoadAssemblies (90ms)
			RebuildTransferFunctionScriptingTraits (0ms)
			SetupTypeCache (312ms)
			ReleaseScriptCaches (1ms)
			RebuildScriptCaches (55ms)
			SetupLoadedEditorAssemblies (542ms)
				LogAssemblyErrors (0ms)
				InitializePlatformSupportModulesInManaged (17ms)
				SetLoadedEditorAssemblies (0ms)
				RefreshPlugins (1ms)
				BeforeProcessingInitializeOnLoad (94ms)
				ProcessInitializeOnLoadAttributes (405ms)
				ProcessInitializeOnLoadMethodAttributes (21ms)
				AfterProcessingInitializeOnLoad (4ms)
				EditorAssembliesLoaded (0ms)
			ExecutionOrderSort2 (0ms)
			AwakeInstancesAfterBackupRestoration (4ms)
Platform modules already initialized, skipping
========================================================================
Worker process is ready to serve import requests
Launched and connected shader compiler UnityShaderCompiler.exe after 0.03 seconds
Refreshing native plugins compatible for Editor in 0.77 ms, found 3 plugins.
Preloading 0 native plugins for Editor in 0.00 ms.
Unloading 3906 Unused Serialized files (Serialized files now loaded: 0)
Unloading 43 unused Assets / (1.3 MB). Loaded Objects now: 4371.
Memory consumption went from 219.9 MB to 218.6 MB.
Total: 3.100500 ms (FindLiveObjects: 0.326800 ms CreateObjectMapping: 0.107900 ms MarkObjects: 2.395600 ms  DeleteObjects: 0.269100 ms)

AssetImportParameters requested are different than current active one (requested -> active):
  custom:video-decoder-ogg-theora: a1e56fd34408186e4bbccfd4996cb3dc -> 
  custom:container-muxer-webm: aa71ff27fc2769a1b78a27578f13a17b -> 
  custom:container-demuxer-webm: 4f35f7cbe854078d1ac9338744f61a02 -> 
  custom:video-encoder-webm-vp8: eb34c28f22e8b96e1ab97ce403110664 -> 
  custom:audio-encoder-webm-vorbis: bf7c407c2cedff20999df2af8eb42d56 -> 
  custom:framework-win-MediaFoundation: 216162199b28c13a410421893ffa2e32 -> 
  custom:container-demuxer-ogg: 62fdf1f143b41e24485cea50d1cbac27 -> 
  custom:video-decoder-webm-vp8: 9c59270c3fd7afecdb556c50c9e8de78 -> 
  custom:audio-decoder-ogg-vorbis: bf7c407c2cedff20999df2af8eb42d56 -> 
========================================================================
Received Import Request.
  Time since last request: 1036187.658020 seconds.
  path: Assets/DesignPatterns/Creational Patterns/Factory Pattern/Scripts/Example Project/Ship/ContainerShip.cs
  artifactKey: Guid(86047723fab7b00469a2c7eab53b2916) Importer(815301076,1909f56bfc062723c751e8b465ee728b)
Start importing Assets/DesignPatterns/Creational Patterns/Factory Pattern/Scripts/Example Project/Ship/ContainerShip.cs using Guid(86047723fab7b00469a2c7eab53b2916) Importer(815301076,1909f56bfc062723c751e8b465ee728b)  -> (artifact id: 'a4081a8ef0944e3df1f96ac2d0811945') in 0.023884 seconds 
========================================================================
Received Import Request.
  Time since last request: 88.222686 seconds.
  path: Assets/DesignPatterns/Creational Patterns/Factory Pattern/Scripts/Example Project/Ship/ContainerShip.cs
  artifactKey: Guid(86047723fab7b00469a2c7eab53b2916) Importer(815301076,1909f56bfc062723c751e8b465ee728b)
Start importing Assets/DesignPatterns/Creational Patterns/Factory Pattern/Scripts/Example Project/Ship/ContainerShip.cs using Guid(86047723fab7b00469a2c7eab53b2916) Importer(815301076,1909f56bfc062723c751e8b465ee728b)  -> (artifact id: '48bae768bfda3880de7ccf840c37a392') in 0.011531 seconds 
========================================================================
Received Prepare
Registering precompiled user dll's ...
Registered in 0.004830 seconds.
Begin MonoManager ReloadAssembly
Symbol file LoadedFromMemory doesn't match image C:\Users\sinan\OneDrive\Masaüstü\Unity-Design-Patterns\UnityDesignPatterns\Library\PackageCache\com.unity.visualscripting@1.8.0\Editor\VisualScripting.Core\Dependencies\YamlDotNet\Unity.VisualScripting.YamlDotNet.dll
Symbol file LoadedFromMemory doesn't match image C:\Users\sinan\OneDrive\Masaüstü\Unity-Design-Patterns\UnityDesignPatterns\Library\PackageCache\com.unity.visualscripting@1.8.0\Editor\VisualScripting.Core\Dependencies\DotNetZip\Unity.VisualScripting.IonicZip.dll
Native extension for WindowsStandalone target not found
Native extension for Android target not found
Native extension for WebGL target not found
Refreshing native plugins compatible for Editor in 0.83 ms, found 3 plugins.
Preloading 0 native plugins for Editor in 0.00 ms.
Mono: successfully reloaded assembly
- Completed reload, in  1.146 seconds
Domain Reload Profiling:
	ReloadAssembly (1147ms)
		BeginReloadAssembly (127ms)
			ExecutionOrderSort (0ms)
			DisableScriptedObjects (5ms)
			BackupInstance (0ms)
			ReleaseScriptingObjects (0ms)
			CreateAndSetChildDomain (36ms)
		EndReloadAssembly (931ms)
			LoadAssemblies (80ms)
			RebuildTransferFunctionScriptingTraits (0ms)
			SetupTypeCache (288ms)
			ReleaseScriptCaches (2ms)
			RebuildScriptCaches (39ms)
			SetupLoadedEditorAssemblies (477ms)
				LogAssemblyErrors (0ms)
				InitializePlatformSupportModulesInManaged (19ms)
				SetLoadedEditorAssemblies (0ms)
				RefreshPlugins (1ms)
				BeforeProcessingInitializeOnLoad (59ms)
				ProcessInitializeOnLoadAttributes (371ms)
				ProcessInitializeOnLoadMethodAttributes (22ms)
				AfterProcessingInitializeOnLoad (5ms)
				EditorAssembliesLoaded (0ms)
			ExecutionOrderSort2 (0ms)
			AwakeInstancesAfterBackupRestoration (8ms)
Platform modules already initialized, skipping
Refreshing native plugins compatible for Editor in 2.03 ms, found 3 plugins.
Preloading 0 native plugins for Editor in 0.00 ms.
Unloading 3856 Unused Serialized files (Serialized files now loaded: 0)
Unloading 36 unused Assets / (1.3 MB). Loaded Objects now: 4374.
Memory consumption went from 214.7 MB to 213.4 MB.
Total: 3.646000 ms (FindLiveObjects: 0.292400 ms CreateObjectMapping: 0.101900 ms MarkObjects: 2.979700 ms  DeleteObjects: 0.270600 ms)

AssetImportParameters requested are different than current active one (requested -> active):
  custom:video-decoder-ogg-theora: a1e56fd34408186e4bbccfd4996cb3dc -> 
  custom:container-muxer-webm: aa71ff27fc2769a1b78a27578f13a17b -> 
  custom:container-demuxer-webm: 4f35f7cbe854078d1ac9338744f61a02 -> 
  custom:video-encoder-webm-vp8: eb34c28f22e8b96e1ab97ce403110664 -> 
  custom:audio-encoder-webm-vorbis: bf7c407c2cedff20999df2af8eb42d56 -> 
  custom:framework-win-MediaFoundation: 216162199b28c13a410421893ffa2e32 -> 
  custom:container-demuxer-ogg: 62fdf1f143b41e24485cea50d1cbac27 -> 
  custom:video-decoder-webm-vp8: 9c59270c3fd7afecdb556c50c9e8de78 -> 
  custom:audio-decoder-ogg-vorbis: bf7c407c2cedff20999df2af8eb42d56 -> 
========================================================================
Received Prepare
Registering precompiled user dll's ...
Registered in 0.004144 seconds.
Begin MonoManager ReloadAssembly
Symbol file LoadedFromMemory doesn't match image C:\Users\sinan\OneDrive\Masaüstü\Unity-Design-Patterns\UnityDesignPatterns\Library\PackageCache\com.unity.visualscripting@1.8.0\Editor\VisualScripting.Core\Dependencies\YamlDotNet\Unity.VisualScripting.YamlDotNet.dll
Symbol file LoadedFromMemory doesn't match image C:\Users\sinan\OneDrive\Masaüstü\Unity-Design-Patterns\UnityDesignPatterns\Library\PackageCache\com.unity.visualscripting@1.8.0\Editor\VisualScripting.Core\Dependencies\DotNetZip\Unity.VisualScripting.IonicZip.dll
Native extension for WindowsStandalone target not found
Native extension for Android target not found
Native extension for WebGL target not found
Refreshing native plugins compatible for Editor in 0.77 ms, found 3 plugins.
Preloading 0 native plugins for Editor in 0.00 ms.
Mono: successfully reloaded assembly
- Completed reload, in  1.036 seconds
Domain Reload Profiling:
	ReloadAssembly (1036ms)
		BeginReloadAssembly (135ms)
			ExecutionOrderSort (0ms)
			DisableScriptedObjects (8ms)
			BackupInstance (0ms)
			ReleaseScriptingObjects (0ms)
			CreateAndSetChildDomain (39ms)
		EndReloadAssembly (818ms)
			LoadAssemblies (75ms)
			RebuildTransferFunctionScriptingTraits (0ms)
			SetupTypeCache (299ms)
			ReleaseScriptCaches (1ms)
			RebuildScriptCaches (35ms)
			SetupLoadedEditorAssemblies (382ms)
				LogAssemblyErrors (0ms)
				InitializePlatformSupportModulesInManaged (16ms)
				SetLoadedEditorAssemblies (0ms)
				RefreshPlugins (1ms)
				BeforeProcessingInitializeOnLoad (60ms)
				ProcessInitializeOnLoadAttributes (287ms)
				ProcessInitializeOnLoadMethodAttributes (13ms)
				AfterProcessingInitializeOnLoad (4ms)
				EditorAssembliesLoaded (0ms)
			ExecutionOrderSort2 (0ms)
			AwakeInstancesAfterBackupRestoration (4ms)
Platform modules already initialized, skipping
Refreshing native plugins compatible for Editor in 1.96 ms, found 3 plugins.
Preloading 0 native plugins for Editor in 0.00 ms.
Unloading 3856 Unused Serialized files (Serialized files now loaded: 0)
Unloading 36 unused Assets / (1.3 MB). Loaded Objects now: 4377.
Memory consumption went from 214.7 MB to 213.4 MB.
Total: 3.637500 ms (FindLiveObjects: 0.295300 ms CreateObjectMapping: 0.124500 ms MarkObjects: 2.789200 ms  DeleteObjects: 0.427000 ms)

AssetImportParameters requested are different than current active one (requested -> active):
  custom:video-decoder-ogg-theora: a1e56fd34408186e4bbccfd4996cb3dc -> 
  custom:container-muxer-webm: aa71ff27fc2769a1b78a27578f13a17b -> 
  custom:container-demuxer-webm: 4f35f7cbe854078d1ac9338744f61a02 -> 
  custom:video-encoder-webm-vp8: eb34c28f22e8b96e1ab97ce403110664 -> 
  custom:audio-encoder-webm-vorbis: bf7c407c2cedff20999df2af8eb42d56 -> 
  custom:framework-win-MediaFoundation: 216162199b28c13a410421893ffa2e32 -> 
  custom:container-demuxer-ogg: 62fdf1f143b41e24485cea50d1cbac27 -> 
  custom:video-decoder-webm-vp8: 9c59270c3fd7afecdb556c50c9e8de78 -> 
  custom:audio-decoder-ogg-vorbis: bf7c407c2cedff20999df2af8eb42d56 -> 
========================================================================
Received Prepare
Registering precompiled user dll's ...
Registered in 0.006950 seconds.
Begin MonoManager ReloadAssembly
Symbol file LoadedFromMemory doesn't match image C:\Users\sinan\OneDrive\Masaüstü\Unity-Design-Patterns\UnityDesignPatterns\Library\PackageCache\com.unity.visualscripting@1.8.0\Editor\VisualScripting.Core\Dependencies\YamlDotNet\Unity.VisualScripting.YamlDotNet.dll
Symbol file LoadedFromMemory doesn't match image C:\Users\sinan\OneDrive\Masaüstü\Unity-Design-Patterns\UnityDesignPatterns\Library\PackageCache\com.unity.visualscripting@1.8.0\Editor\VisualScripting.Core\Dependencies\DotNetZip\Unity.VisualScripting.IonicZip.dll
Native extension for WindowsStandalone target not found
Native extension for Android target not found
Native extension for WebGL target not found
Refreshing native plugins compatible for Editor in 0.74 ms, found 3 plugins.
Preloading 0 native plugins for Editor in 0.00 ms.
Mono: successfully reloaded assembly
- Completed reload, in  1.018 seconds
Domain Reload Profiling:
	ReloadAssembly (1018ms)
		BeginReloadAssembly (122ms)
			ExecutionOrderSort (0ms)
			DisableScriptedObjects (6ms)
			BackupInstance (0ms)
			ReleaseScriptingObjects (0ms)
			CreateAndSetChildDomain (35ms)
		EndReloadAssembly (814ms)
			LoadAssemblies (74ms)
			RebuildTransferFunctionScriptingTraits (0ms)
			SetupTypeCache (247ms)
			ReleaseScriptCaches (2ms)
			RebuildScriptCaches (41ms)
			SetupLoadedEditorAssemblies (417ms)
				LogAssemblyErrors (0ms)
				InitializePlatformSupportModulesInManaged (16ms)
				SetLoadedEditorAssemblies (0ms)
				RefreshPlugins (1ms)
				BeforeProcessingInitializeOnLoad (54ms)
				ProcessInitializeOnLoadAttributes (325ms)
				ProcessInitializeOnLoadMethodAttributes (17ms)
				AfterProcessingInitializeOnLoad (4ms)
				EditorAssembliesLoaded (0ms)
			ExecutionOrderSort2 (0ms)
			AwakeInstancesAfterBackupRestoration (6ms)
Platform modules already initialized, skipping
Refreshing native plugins compatible for Editor in 2.02 ms, found 3 plugins.
Preloading 0 native plugins for Editor in 0.00 ms.
Unloading 3856 Unused Serialized files (Serialized files now loaded: 0)
Unloading 36 unused Assets / (1.3 MB). Loaded Objects now: 4380.
Memory consumption went from 214.7 MB to 213.4 MB.
Total: 3.330700 ms (FindLiveObjects: 0.318600 ms CreateObjectMapping: 0.118100 ms MarkObjects: 2.595100 ms  DeleteObjects: 0.297200 ms)

AssetImportParameters requested are different than current active one (requested -> active):
  custom:video-decoder-ogg-theora: a1e56fd34408186e4bbccfd4996cb3dc -> 
  custom:container-muxer-webm: aa71ff27fc2769a1b78a27578f13a17b -> 
  custom:container-demuxer-webm: 4f35f7cbe854078d1ac9338744f61a02 -> 
  custom:video-encoder-webm-vp8: eb34c28f22e8b96e1ab97ce403110664 -> 
  custom:audio-encoder-webm-vorbis: bf7c407c2cedff20999df2af8eb42d56 -> 
  custom:framework-win-MediaFoundation: 216162199b28c13a410421893ffa2e32 -> 
  custom:container-demuxer-ogg: 62fdf1f143b41e24485cea50d1cbac27 -> 
  custom:video-decoder-webm-vp8: 9c59270c3fd7afecdb556c50c9e8de78 -> 
  custom:audio-decoder-ogg-vorbis: bf7c407c2cedff20999df2af8eb42d56 -> 
========================================================================
Received Import Request.
  Time since last request: 612.510536 seconds.
  path: Assets/DesignPatterns/Creational Patterns/Factory Pattern/Scripts/Example Project/Ship/ContainerShip.cs
  artifactKey: Guid(86047723fab7b00469a2c7eab53b2916) Importer(815301076,1909f56bfc062723c751e8b465ee728b)
Start importing Assets/DesignPatterns/Creational Patterns/Factory Pattern/Scripts/Example Project/Ship/ContainerShip.cs using Guid(86047723fab7b00469a2c7eab53b2916) Importer(815301076,1909f56bfc062723c751e8b465ee728b)  -> (artifact id: '678dcf13ab1603e62b5850e2ce8dd434') in 0.017366 seconds 
========================================================================
Received Import Request.
  Time since last request: 11.378379 seconds.
  path: Assets/DesignPatterns/Creational Patterns/Factory Pattern/Prefab/AxeButton.prefab
  artifactKey: Guid(ebade72170886b74d88c0ea4f9f30e2d) Importer(815301076,1909f56bfc062723c751e8b465ee728b)
Start importing Assets/DesignPatterns/Creational Patterns/Factory Pattern/Prefab/AxeButton.prefab using Guid(ebade72170886b74d88c0ea4f9f30e2d) Importer(815301076,1909f56bfc062723c751e8b465ee728b)  -> (artifact id: 'a00a9f525ec0e324c348825d91d5f87c') in 0.033521 seconds 
========================================================================
Received Import Request.
  Time since last request: 10.425112 seconds.
  path: Assets/DesignPatterns/Creational Patterns/Factory Pattern/Prefab/AxeButton.prefab
  artifactKey: Guid(ebade72170886b74d88c0ea4f9f30e2d) Importer(815301076,1909f56bfc062723c751e8b465ee728b)
Start importing Assets/DesignPatterns/Creational Patterns/Factory Pattern/Prefab/AxeButton.prefab using Guid(ebade72170886b74d88c0ea4f9f30e2d) Importer(815301076,1909f56bfc062723c751e8b465ee728b)  -> (artifact id: '45abd6b14b0d010346c8147d4c3ad90b') in 0.009735 seconds 
========================================================================
Received Import Request.
  Time since last request: 4.053580 seconds.
  path: Assets/DesignPatterns/Creational Patterns/Factory Pattern/Prefab/AxeButton.prefab
  artifactKey: Guid(ebade72170886b74d88c0ea4f9f30e2d) Importer(815301076,1909f56bfc062723c751e8b465ee728b)
Start importing Assets/DesignPatterns/Creational Patterns/Factory Pattern/Prefab/AxeButton.prefab using Guid(ebade72170886b74d88c0ea4f9f30e2d) Importer(815301076,1909f56bfc062723c751e8b465ee728b)  -> (artifact id: '8d8b4ea882147936fdb035d9ef3afbbe') in 0.003588 seconds 
========================================================================
Received Import Request.
  Time since last request: 24.369398 seconds.
  path: Assets/DesignPatterns/Creational Patterns/Factory Pattern/Prefab/IconPrefab.prefab
  artifactKey: Guid(ebade72170886b74d88c0ea4f9f30e2d) Importer(815301076,1909f56bfc062723c751e8b465ee728b)
Start importing Assets/DesignPatterns/Creational Patterns/Factory Pattern/Prefab/IconPrefab.prefab using Guid(ebade72170886b74d88c0ea4f9f30e2d) Importer(815301076,1909f56bfc062723c751e8b465ee728b)  -> (artifact id: 'c44f67fd76b77886030c1b73e3976da4') in 0.011024 seconds 
========================================================================
Received Import Request.
  Time since last request: 3.414131 seconds.
  path: Assets/DesignPatterns/Creational Patterns/Factory Pattern/Prefab/IconPrefab.prefab
  artifactKey: Guid(ebade72170886b74d88c0ea4f9f30e2d) Importer(815301076,1909f56bfc062723c751e8b465ee728b)
Start importing Assets/DesignPatterns/Creational Patterns/Factory Pattern/Prefab/IconPrefab.prefab using Guid(ebade72170886b74d88c0ea4f9f30e2d) Importer(815301076,1909f56bfc062723c751e8b465ee728b)  -> (artifact id: '7a53059726b003398518d8a37759586a') in 0.003460 seconds 
========================================================================
Received Prepare
Registering precompiled user dll's ...
Registered in 0.006824 seconds.
Begin MonoManager ReloadAssembly
Symbol file LoadedFromMemory doesn't match image C:\Users\sinan\OneDrive\Masaüstü\Unity-Design-Patterns\UnityDesignPatterns\Library\PackageCache\com.unity.visualscripting@1.8.0\Editor\VisualScripting.Core\Dependencies\YamlDotNet\Unity.VisualScripting.YamlDotNet.dll
Symbol file LoadedFromMemory doesn't match image C:\Users\sinan\OneDrive\Masaüstü\Unity-Design-Patterns\UnityDesignPatterns\Library\PackageCache\com.unity.visualscripting@1.8.0\Editor\VisualScripting.Core\Dependencies\DotNetZip\Unity.VisualScripting.IonicZip.dll
Native extension for WindowsStandalone target not found
Native extension for Android target not found
Native extension for WebGL target not found
Refreshing native plugins compatible for Editor in 0.76 ms, found 3 plugins.
Preloading 0 native plugins for Editor in 0.00 ms.
Mono: successfully reloaded assembly
- Completed reload, in  1.219 seconds
Domain Reload Profiling:
	ReloadAssembly (1220ms)
		BeginReloadAssembly (147ms)
			ExecutionOrderSort (0ms)
			DisableScriptedObjects (4ms)
			BackupInstance (0ms)
			ReleaseScriptingObjects (0ms)
			CreateAndSetChildDomain (42ms)
		EndReloadAssembly (971ms)
			LoadAssemblies (96ms)
			RebuildTransferFunctionScriptingTraits (0ms)
			SetupTypeCache (346ms)
			ReleaseScriptCaches (1ms)
			RebuildScriptCaches (54ms)
			SetupLoadedEditorAssemblies (429ms)
				LogAssemblyErrors (0ms)
				InitializePlatformSupportModulesInManaged (22ms)
				SetLoadedEditorAssemblies (0ms)
				RefreshPlugins (1ms)
				BeforeProcessingInitializeOnLoad (60ms)
				ProcessInitializeOnLoadAttributes (323ms)
				ProcessInitializeOnLoadMethodAttributes (19ms)
				AfterProcessingInitializeOnLoad (5ms)
				EditorAssembliesLoaded (0ms)
			ExecutionOrderSort2 (0ms)
			AwakeInstancesAfterBackupRestoration (6ms)
Platform modules already initialized, skipping
Refreshing native plugins compatible for Editor in 1.94 ms, found 3 plugins.
Preloading 0 native plugins for Editor in 0.00 ms.
Unloading 3856 Unused Serialized files (Serialized files now loaded: 0)
Unloading 36 unused Assets / (1.3 MB). Loaded Objects now: 4384.
Memory consumption went from 214.8 MB to 213.5 MB.
Total: 3.813900 ms (FindLiveObjects: 0.341600 ms CreateObjectMapping: 0.170900 ms MarkObjects: 3.078500 ms  DeleteObjects: 0.221800 ms)

AssetImportParameters requested are different than current active one (requested -> active):
  custom:video-decoder-ogg-theora: a1e56fd34408186e4bbccfd4996cb3dc -> 
  custom:container-muxer-webm: aa71ff27fc2769a1b78a27578f13a17b -> 
  custom:container-demuxer-webm: 4f35f7cbe854078d1ac9338744f61a02 -> 
  custom:video-encoder-webm-vp8: eb34c28f22e8b96e1ab97ce403110664 -> 
  custom:audio-encoder-webm-vorbis: bf7c407c2cedff20999df2af8eb42d56 -> 
  custom:framework-win-MediaFoundation: 216162199b28c13a410421893ffa2e32 -> 
  custom:container-demuxer-ogg: 62fdf1f143b41e24485cea50d1cbac27 -> 
  custom:video-decoder-webm-vp8: 9c59270c3fd7afecdb556c50c9e8de78 -> 
  custom:audio-decoder-ogg-vorbis: bf7c407c2cedff20999df2af8eb42d56 -> 
========================================================================
Received Prepare
Registering precompiled user dll's ...
Registered in 0.005447 seconds.
Begin MonoManager ReloadAssembly
Symbol file LoadedFromMemory doesn't match image C:\Users\sinan\OneDrive\Masaüstü\Unity-Design-Patterns\UnityDesignPatterns\Library\PackageCache\com.unity.visualscripting@1.8.0\Editor\VisualScripting.Core\Dependencies\YamlDotNet\Unity.VisualScripting.YamlDotNet.dll
Symbol file LoadedFromMemory doesn't match image C:\Users\sinan\OneDrive\Masaüstü\Unity-Design-Patterns\UnityDesignPatterns\Library\PackageCache\com.unity.visualscripting@1.8.0\Editor\VisualScripting.Core\Dependencies\DotNetZip\Unity.VisualScripting.IonicZip.dll
Native extension for WindowsStandalone target not found
Native extension for Android target not found
Native extension for WebGL target not found
Refreshing native plugins compatible for Editor in 0.92 ms, found 3 plugins.
Preloading 0 native plugins for Editor in 0.00 ms.
Mono: successfully reloaded assembly
- Completed reload, in  1.120 seconds
Domain Reload Profiling:
	ReloadAssembly (1120ms)
		BeginReloadAssembly (129ms)
			ExecutionOrderSort (0ms)
			DisableScriptedObjects (5ms)
			BackupInstance (0ms)
			ReleaseScriptingObjects (0ms)
			CreateAndSetChildDomain (36ms)
		EndReloadAssembly (897ms)
			LoadAssemblies (81ms)
			RebuildTransferFunctionScriptingTraits (0ms)
			SetupTypeCache (290ms)
			ReleaseScriptCaches (2ms)
			RebuildScriptCaches (44ms)
			SetupLoadedEditorAssemblies (452ms)
				LogAssemblyErrors (0ms)
				InitializePlatformSupportModulesInManaged (17ms)
				SetLoadedEditorAssemblies (1ms)
				RefreshPlugins (1ms)
				BeforeProcessingInitializeOnLoad (62ms)
				ProcessInitializeOnLoadAttributes (347ms)
				ProcessInitializeOnLoadMethodAttributes (19ms)
				AfterProcessingInitializeOnLoad (6ms)
				EditorAssembliesLoaded (0ms)
			ExecutionOrderSort2 (0ms)
			AwakeInstancesAfterBackupRestoration (5ms)
Platform modules already initialized, skipping
Refreshing native plugins compatible for Editor in 1.98 ms, found 3 plugins.
Preloading 0 native plugins for Editor in 0.00 ms.
Unloading 3856 Unused Serialized files (Serialized files now loaded: 0)
Unloading 36 unused Assets / (1.3 MB). Loaded Objects now: 4387.
Memory consumption went from 214.8 MB to 213.5 MB.
Total: 3.607000 ms (FindLiveObjects: 0.299900 ms CreateObjectMapping: 0.119100 ms MarkObjects: 2.895000 ms  DeleteObjects: 0.291700 ms)

AssetImportParameters requested are different than current active one (requested -> active):
  custom:video-decoder-ogg-theora: a1e56fd34408186e4bbccfd4996cb3dc -> 
  custom:container-muxer-webm: aa71ff27fc2769a1b78a27578f13a17b -> 
  custom:container-demuxer-webm: 4f35f7cbe854078d1ac9338744f61a02 -> 
  custom:video-encoder-webm-vp8: eb34c28f22e8b96e1ab97ce403110664 -> 
  custom:audio-encoder-webm-vorbis: bf7c407c2cedff20999df2af8eb42d56 -> 
  custom:framework-win-MediaFoundation: 216162199b28c13a410421893ffa2e32 -> 
  custom:container-demuxer-ogg: 62fdf1f143b41e24485cea50d1cbac27 -> 
  custom:video-decoder-webm-vp8: 9c59270c3fd7afecdb556c50c9e8de78 -> 
  custom:audio-decoder-ogg-vorbis: bf7c407c2cedff20999df2af8eb42d56 -> 
========================================================================
Received Import Request.
  Time since last request: 217.232148 seconds.
  path: Assets/DesignPatterns/Creational Patterns/Factory Pattern/Scripts/Example Project/Products/WeaponTrigger.cs
  artifactKey: Guid(e748d563add30b44e9f62265c5141e62) Importer(815301076,1909f56bfc062723c751e8b465ee728b)
Start importing Assets/DesignPatterns/Creational Patterns/Factory Pattern/Scripts/Example Project/Products/WeaponTrigger.cs using Guid(e748d563add30b44e9f62265c5141e62) Importer(815301076,1909f56bfc062723c751e8b465ee728b)  -> (artifact id: 'f7bcc881c3a47e69437af3b2776a3198') in 0.014997 seconds 
========================================================================
Received Prepare
Registering precompiled user dll's ...
Registered in 0.004052 seconds.
Begin MonoManager ReloadAssembly
Symbol file LoadedFromMemory doesn't match image C:\Users\sinan\OneDrive\Masaüstü\Unity-Design-Patterns\UnityDesignPatterns\Library\PackageCache\com.unity.visualscripting@1.8.0\Editor\VisualScripting.Core\Dependencies\YamlDotNet\Unity.VisualScripting.YamlDotNet.dll
Symbol file LoadedFromMemory doesn't match image C:\Users\sinan\OneDrive\Masaüstü\Unity-Design-Patterns\UnityDesignPatterns\Library\PackageCache\com.unity.visualscripting@1.8.0\Editor\VisualScripting.Core\Dependencies\DotNetZip\Unity.VisualScripting.IonicZip.dll
Native extension for WindowsStandalone target not found
Native extension for Android target not found
Native extension for WebGL target not found
Refreshing native plugins compatible for Editor in 0.86 ms, found 3 plugins.
Preloading 0 native plugins for Editor in 0.00 ms.
Mono: successfully reloaded assembly
- Completed reload, in  1.056 seconds
Domain Reload Profiling:
	ReloadAssembly (1057ms)
		BeginReloadAssembly (124ms)
			ExecutionOrderSort (0ms)
			DisableScriptedObjects (4ms)
			BackupInstance (0ms)
			ReleaseScriptingObjects (0ms)
			CreateAndSetChildDomain (34ms)
		EndReloadAssembly (849ms)
			LoadAssemblies (73ms)
			RebuildTransferFunctionScriptingTraits (0ms)
			SetupTypeCache (283ms)
			ReleaseScriptCaches (1ms)
			RebuildScriptCaches (37ms)
			SetupLoadedEditorAssemblies (423ms)
				LogAssemblyErrors (0ms)
				InitializePlatformSupportModulesInManaged (20ms)
				SetLoadedEditorAssemblies (0ms)
				RefreshPlugins (1ms)
				BeforeProcessingInitializeOnLoad (56ms)
				ProcessInitializeOnLoadAttributes (324ms)
				ProcessInitializeOnLoadMethodAttributes (17ms)
				AfterProcessingInitializeOnLoad (4ms)
				EditorAssembliesLoaded (0ms)
			ExecutionOrderSort2 (0ms)
			AwakeInstancesAfterBackupRestoration (5ms)
Platform modules already initialized, skipping
Refreshing native plugins compatible for Editor in 3.07 ms, found 3 plugins.
Preloading 0 native plugins for Editor in 0.00 ms.
Unloading 3857 Unused Serialized files (Serialized files now loaded: 0)
Unloading 36 unused Assets / (1.3 MB). Loaded Objects now: 4391.
Memory consumption went from 214.8 MB to 213.5 MB.
Total: 3.231100 ms (FindLiveObjects: 0.321600 ms CreateObjectMapping: 0.124500 ms MarkObjects: 2.501500 ms  DeleteObjects: 0.282400 ms)

AssetImportParameters requested are different than current active one (requested -> active):
  custom:video-decoder-ogg-theora: a1e56fd34408186e4bbccfd4996cb3dc -> 
  custom:container-muxer-webm: aa71ff27fc2769a1b78a27578f13a17b -> 
  custom:container-demuxer-webm: 4f35f7cbe854078d1ac9338744f61a02 -> 
  custom:video-encoder-webm-vp8: eb34c28f22e8b96e1ab97ce403110664 -> 
  custom:audio-encoder-webm-vorbis: bf7c407c2cedff20999df2af8eb42d56 -> 
  custom:framework-win-MediaFoundation: 216162199b28c13a410421893ffa2e32 -> 
  custom:container-demuxer-ogg: 62fdf1f143b41e24485cea50d1cbac27 -> 
  custom:video-decoder-webm-vp8: 9c59270c3fd7afecdb556c50c9e8de78 -> 
  custom:audio-decoder-ogg-vorbis: bf7c407c2cedff20999df2af8eb42d56 -> 
========================================================================
Received Import Request.
  Time since last request: 183.525858 seconds.
  path: Assets/DesignPatterns/Creational Patterns/Factory Pattern/Scripts/Example Project/Products/WeaponTrigger.cs
  artifactKey: Guid(e748d563add30b44e9f62265c5141e62) Importer(815301076,1909f56bfc062723c751e8b465ee728b)
Start importing Assets/DesignPatterns/Creational Patterns/Factory Pattern/Scripts/Example Project/Products/WeaponTrigger.cs using Guid(e748d563add30b44e9f62265c5141e62) Importer(815301076,1909f56bfc062723c751e8b465ee728b)  -> (artifact id: '1278924216acd4ff93f2bcaabb9697e0') in 0.009538 seconds 
========================================================================
Received Import Request.
  Time since last request: 19.077558 seconds.
  path: Assets/DesignPatterns/Creational Patterns/Factory Pattern/Prefab/wand03_blue.prefab
  artifactKey: Guid(f01fb1ebe1923964892f4ff7ac1aaa97) Importer(815301076,1909f56bfc062723c751e8b465ee728b)
Start importing Assets/DesignPatterns/Creational Patterns/Factory Pattern/Prefab/wand03_blue.prefab using Guid(f01fb1ebe1923964892f4ff7ac1aaa97) Importer(815301076,1909f56bfc062723c751e8b465ee728b)  -> (artifact id: 'aae76020599eb180c69757be72d25982') in 0.086093 seconds 
========================================================================
Received Import Request.
  Time since last request: 5.565059 seconds.
  path: Assets/DesignPatterns/Creational Patterns/Factory Pattern/Prefab/Ax_01.prefab
  artifactKey: Guid(354bdb92c16726644b18efe4af7e1a8f) Importer(815301076,1909f56bfc062723c751e8b465ee728b)
Start importing Assets/DesignPatterns/Creational Patterns/Factory Pattern/Prefab/Ax_01.prefab using Guid(354bdb92c16726644b18efe4af7e1a8f) Importer(815301076,1909f56bfc062723c751e8b465ee728b)  -> (artifact id: 'c57193dfc3a1bc84fd80e98ff7989252') in 0.024293 seconds 
========================================================================
Received Import Request.
  Time since last request: 0.000020 seconds.
  path: Assets/DesignPatterns/Creational Patterns/Factory Pattern/Prefab/Hammer_01.prefab
  artifactKey: Guid(291786f55fac5094a8a581f54275cfa5) Importer(815301076,1909f56bfc062723c751e8b465ee728b)
Start importing Assets/DesignPatterns/Creational Patterns/Factory Pattern/Prefab/Hammer_01.prefab using Guid(291786f55fac5094a8a581f54275cfa5) Importer(815301076,1909f56bfc062723c751e8b465ee728b)  -> (artifact id: '783977ba2a80fccbb9b62fdabb38f9cc') in 0.020398 seconds 
========================================================================
Received Import Request.
  Time since last request: 0.000028 seconds.
  path: Assets/DesignPatterns/Creational Patterns/Factory Pattern/Prefab/Sword_01.prefab
  artifactKey: Guid(27178d12553f565468271168a2786a70) Importer(815301076,1909f56bfc062723c751e8b465ee728b)
Start importing Assets/DesignPatterns/Creational Patterns/Factory Pattern/Prefab/Sword_01.prefab using Guid(27178d12553f565468271168a2786a70) Importer(815301076,1909f56bfc062723c751e8b465ee728b)  -> (artifact id: 'faab45a0aa1861c298887dcf05f0e36b') in 0.025416 seconds 
========================================================================
Received Import Request.
  Time since last request: 0.000033 seconds.
  path: Assets/DesignPatterns/Creational Patterns/Factory Pattern/Prefab/Dagger_01.prefab
  artifactKey: Guid(440e034f8665a294e8bd8e0291f0b62b) Importer(815301076,1909f56bfc062723c751e8b465ee728b)
Start importing Assets/DesignPatterns/Creational Patterns/Factory Pattern/Prefab/Dagger_01.prefab using Guid(440e034f8665a294e8bd8e0291f0b62b) Importer(815301076,1909f56bfc062723c751e8b465ee728b)  -> (artifact id: '747d145bae8f00890a450265d8d3b6f7') in 0.019913 seconds 
Editor requested this worker to shutdown with reason: Scaling down because of idle timeout
AssetImportWorker is now disconnected from the server
Process exiting
Exiting without the bug reporter. Application will terminate with return code 0