Using pre-set license
Built from '2021.3/staging' branch; Version is '2021.3.24f1 (cf10dcf7010d) revision 13570268'; Using compiler version '192829333'; Build Type 'Release'
OS: 'Windows 11  (10.0.22621) 64bit Professional' Language: 'tr' Physical Memory: 16085 MB
BatchMode: 1, IsHumanControllingUs: 0, StartBugReporterOnCrash: 0, Is64bit: 1, IsPro: 1

COMMAND LINE ARGUMENTS:
C:\Program Files\Unity\Hub\Editor\2021.3.24f1\Editor\Unity.exe
-adb2
-batchMode
-noUpm
-name
AssetImportWorker6
-projectPath
C:/Users/sinan/OneDrive/Masaüstü/Unity-Design-Patterns/UnityDesignPatterns
-logFile
Logs/AssetImportWorker6.log
-srvPort
49571
Successfully changed project path to: C:/Users/sinan/OneDrive/Masaüstü/Unity-Design-Patterns/UnityDesignPatterns
C:/Users/sinan/OneDrive/Masaüstü/Unity-Design-Patterns/UnityDesignPatterns
[UnityMemory] Configuration Parameters - Can be set up in boot.config
    "memorysetup-bucket-allocator-granularity=16"
    "memorysetup-bucket-allocator-bucket-count=8"
    "memorysetup-bucket-allocator-block-size=33554432"
    "memorysetup-bucket-allocator-block-count=8"
    "memorysetup-main-allocator-block-size=16777216"
    "memorysetup-thread-allocator-block-size=16777216"
    "memorysetup-gfx-main-allocator-block-size=16777216"
    "memorysetup-gfx-thread-allocator-block-size=16777216"
    "memorysetup-cache-allocator-block-size=4194304"
    "memorysetup-typetree-allocator-block-size=2097152"
    "memorysetup-profiler-bucket-allocator-granularity=16"
    "memorysetup-profiler-bucket-allocator-bucket-count=8"
    "memorysetup-profiler-bucket-allocator-block-size=33554432"
    "memorysetup-profiler-bucket-allocator-block-count=8"
    "memorysetup-profiler-allocator-block-size=16777216"
    "memorysetup-profiler-editor-allocator-block-size=1048576"
    "memorysetup-temp-allocator-size-main=16777216"
    "memorysetup-job-temp-allocator-block-size=2097152"
    "memorysetup-job-temp-allocator-block-size-background=1048576"
    "memorysetup-job-temp-allocator-reduction-small-platforms=262144"
    "memorysetup-temp-allocator-size-background-worker=32768"
    "memorysetup-temp-allocator-size-job-worker=262144"
    "memorysetup-temp-allocator-size-preload-manager=33554432"
    "memorysetup-temp-allocator-size-nav-mesh-worker=65536"
    "memorysetup-temp-allocator-size-audio-worker=65536"
    "memorysetup-temp-allocator-size-cloud-worker=32768"
    "memorysetup-temp-allocator-size-gi-baking-worker=262144"
    "memorysetup-temp-allocator-size-gfx=262144"
Player connection [548032] Host "[IP] 10.0.11.82 [Port] 0 [Flags] 2 [Guid] 143219290 [EditorId] 143219290 [Version] 1048832 [Id] WindowsEditor(7,DESKTOP-ARRV7AN) [Debug] 1 [PackageName] WindowsEditor [ProjectName] Editor" joined multi-casting on [225.0.0.222:54997]...

Player connection [548032] Host "[IP] 10.0.11.82 [Port] 0 [Flags] 2 [Guid] 143219290 [EditorId] 143219290 [Version] 1048832 [Id] WindowsEditor(7,DESKTOP-ARRV7AN) [Debug] 1 [PackageName] WindowsEditor [ProjectName] Editor" joined alternative multi-casting on [225.0.0.222:34997]...

Refreshing native plugins compatible for Editor in 81.39 ms, found 3 plugins.
Preloading 0 native plugins for Editor in 0.00 ms.
Initialize engine version: 2021.3.24f1 (cf10dcf7010d)
[Subsystems] Discovering subsystems at path C:/Program Files/Unity/Hub/Editor/2021.3.24f1/Editor/Data/Resources/UnitySubsystems
[Subsystems] Discovering subsystems at path C:/Users/sinan/OneDrive/Masaüstü/Unity-Design-Patterns/UnityDesignPatterns/Assets
GfxDevice: creating device client; threaded=0; jobified=0
Direct3D:
    Version:  Direct3D 11.0 [level 11.1]
    Renderer: NVIDIA GeForce RTX 3060 Laptop GPU (ID=0x2520)
    Vendor:   NVIDIA
    VRAM:     6009 MB
    Driver:   31.0.15.3667
Initialize mono
Mono path[0] = 'C:/Program Files/Unity/Hub/Editor/2021.3.24f1/Editor/Data/Managed'
Mono path[1] = 'C:/Program Files/Unity/Hub/Editor/2021.3.24f1/Editor/Data/MonoBleedingEdge/lib/mono/unityjit-win32'
Mono config path = 'C:/Program Files/Unity/Hub/Editor/2021.3.24f1/Editor/Data/MonoBleedingEdge/etc'
Using monoOptions --debugger-agent=transport=dt_socket,embedding=1,server=y,suspend=n,address=127.0.0.1:56388
Begin MonoManager ReloadAssembly
Registering precompiled unity dll's ...
Register platform support module: C:/Program Files/Unity/Hub/Editor/2021.3.24f1/Editor/Data/PlaybackEngines/WebGLSupport/UnityEditor.WebGL.Extensions.dll
Register platform support module: C:/Program Files/Unity/Hub/Editor/2021.3.24f1/Editor/Data/PlaybackEngines/AndroidPlayer/UnityEditor.Android.Extensions.dll
Register platform support module: C:/Program Files/Unity/Hub/Editor/2021.3.24f1/Editor/Data/PlaybackEngines/WindowsStandaloneSupport/UnityEditor.WindowsStandalone.Extensions.dll
Registered in 0.003620 seconds.
Native extension for WindowsStandalone target not found
Native extension for Android target not found
InvalidOperationException: Cannot start process because a file name has not been provided.
  at System.Diagnostics.Process.Start () [0x00024] in <c01a3e84b3c1471e86b1e3fb11d4015b>:0 
  at (wrapper remoting-invoke-with-check) System.Diagnostics.Process.Start()
  at UnityEditor.Android.ProgramAsShellExecute.Start (System.Diagnostics.ProcessStartInfo psi) [0x0000e] in <fa6b86c947e14a6a903c64a6b203942b>:0 
  at UnityEditor.Android.Command.RunWithShellExecute (System.String command, System.String args, System.String workingdir, System.String errorMsg) [0x0003e] in <fa6b86c947e14a6a903c64a6b203942b>:0 
  at UnityEditor.Android.ADB.StartServer () [0x00013] in <fa6b86c947e14a6a903c64a6b203942b>:0 
  at UnityEditor.Android.ADB.Run (System.String[] command, UnityEditor.Android.Command+WaitingForProcessToExit waitingForProcessToExit, System.String errorMsg) [0x0000b] in <fa6b86c947e14a6a903c64a6b203942b>:0 
  at UnityEditor.Android.AndroidDeploymentTargetsExtension.GetKnownTargets (UnityEditor.DeploymentTargets.IDeploymentTargetsMainThreadContext context, UnityEditor.ProgressHandler progressHandler) [0x00284] in <fa6b86c947e14a6a903c64a6b203942b>:0 
  at UnityEditor.Android.TargetScanWorker.ScanSync () [0x00039] in <fa6b86c947e14a6a903c64a6b203942b>:0 
  at UnityEditor.Android.TargetExtension.OnUsbDevicesChanged (UnityEditor.Hardware.UsbDevice[] usbDevices) [0x00081] in <fa6b86c947e14a6a903c64a6b203942b>:0 
  at UnityEditor.Android.TargetExtension.OnLoad () [0x0008d] in <fa6b86c947e14a6a903c64a6b203942b>:0 
  at UnityEditor.Modules.ModuleManager.InitializePlatformSupportModules () [0x0009d] in <e3d2e3f6a525465bbf8c67432a3cb6ef>:0 

Refreshing native plugins compatible for Editor in 69.25 ms, found 3 plugins.
Preloading 0 native plugins for Editor in 0.00 ms.
Mono: successfully reloaded assembly
- Completed reload, in  0.580 seconds
Domain Reload Profiling:
	ReloadAssembly (580ms)
		BeginReloadAssembly (64ms)
			ExecutionOrderSort (0ms)
			DisableScriptedObjects (0ms)
			BackupInstance (0ms)
			ReleaseScriptingObjects (0ms)
			CreateAndSetChildDomain (1ms)
		EndReloadAssembly (445ms)
			LoadAssemblies (62ms)
			RebuildTransferFunctionScriptingTraits (0ms)
			SetupTypeCache (81ms)
			ReleaseScriptCaches (0ms)
			RebuildScriptCaches (22ms)
			SetupLoadedEditorAssemblies (304ms)
				LogAssemblyErrors (0ms)
				InitializePlatformSupportModulesInManaged (134ms)
				SetLoadedEditorAssemblies (0ms)
				RefreshPlugins (69ms)
				BeforeProcessingInitializeOnLoad (1ms)
				ProcessInitializeOnLoadAttributes (70ms)
				ProcessInitializeOnLoadMethodAttributes (30ms)
				AfterProcessingInitializeOnLoad (0ms)
				EditorAssembliesLoaded (0ms)
			ExecutionOrderSort2 (0ms)
			AwakeInstancesAfterBackupRestoration (0ms)
Native extension for WindowsStandalone target not found
Native extension for Android target not found
Native extension for WebGL target not found
Registering precompiled user dll's ...
Registered in 0.004237 seconds.
Begin MonoManager ReloadAssembly
Symbol file LoadedFromMemory doesn't match image C:\Users\sinan\OneDrive\Masaüstü\Unity-Design-Patterns\UnityDesignPatterns\Library\PackageCache\com.unity.visualscripting@1.8.0\Editor\VisualScripting.Core\Dependencies\YamlDotNet\Unity.VisualScripting.YamlDotNet.dll
Symbol file LoadedFromMemory doesn't match image C:\Users\sinan\OneDrive\Masaüstü\Unity-Design-Patterns\UnityDesignPatterns\Library\PackageCache\com.unity.visualscripting@1.8.0\Editor\VisualScripting.Core\Dependencies\DotNetZip\Unity.VisualScripting.IonicZip.dll
Native extension for WindowsStandalone target not found
Native extension for Android target not found
Native extension for WebGL target not found
Refreshing native plugins compatible for Editor in 0.66 ms, found 3 plugins.
Preloading 0 native plugins for Editor in 0.00 ms.
Mono: successfully reloaded assembly
- Completed reload, in  0.962 seconds
Domain Reload Profiling:
	ReloadAssembly (963ms)
		BeginReloadAssembly (100ms)
			ExecutionOrderSort (0ms)
			DisableScriptedObjects (5ms)
			BackupInstance (0ms)
			ReleaseScriptingObjects (0ms)
			CreateAndSetChildDomain (22ms)
		EndReloadAssembly (774ms)
			LoadAssemblies (68ms)
			RebuildTransferFunctionScriptingTraits (0ms)
			SetupTypeCache (231ms)
			ReleaseScriptCaches (1ms)
			RebuildScriptCaches (57ms)
			SetupLoadedEditorAssemblies (385ms)
				LogAssemblyErrors (0ms)
				InitializePlatformSupportModulesInManaged (13ms)
				SetLoadedEditorAssemblies (0ms)
				RefreshPlugins (1ms)
				BeforeProcessingInitializeOnLoad (61ms)
				ProcessInitializeOnLoadAttributes (293ms)
				ProcessInitializeOnLoadMethodAttributes (13ms)
				AfterProcessingInitializeOnLoad (4ms)
				EditorAssembliesLoaded (0ms)
			ExecutionOrderSort2 (0ms)
			AwakeInstancesAfterBackupRestoration (4ms)
Platform modules already initialized, skipping
========================================================================
Worker process is ready to serve import requests
Launched and connected shader compiler UnityShaderCompiler.exe after 0.03 seconds
Refreshing native plugins compatible for Editor in 0.69 ms, found 3 plugins.
Preloading 0 native plugins for Editor in 0.00 ms.
Unloading 3907 Unused Serialized files (Serialized files now loaded: 0)
Unloading 43 unused Assets / (1.3 MB). Loaded Objects now: 4372.
Memory consumption went from 219.9 MB to 218.6 MB.
Total: 2.815100 ms (FindLiveObjects: 0.270000 ms CreateObjectMapping: 0.100100 ms MarkObjects: 2.202400 ms  DeleteObjects: 0.241600 ms)

AssetImportParameters requested are different than current active one (requested -> active):
  custom:video-decoder-ogg-theora: a1e56fd34408186e4bbccfd4996cb3dc -> 
  custom:container-muxer-webm: aa71ff27fc2769a1b78a27578f13a17b -> 
  custom:container-demuxer-webm: 4f35f7cbe854078d1ac9338744f61a02 -> 
  custom:video-encoder-webm-vp8: eb34c28f22e8b96e1ab97ce403110664 -> 
  custom:audio-encoder-webm-vorbis: bf7c407c2cedff20999df2af8eb42d56 -> 
  custom:framework-win-MediaFoundation: 216162199b28c13a410421893ffa2e32 -> 
  custom:container-demuxer-ogg: 62fdf1f143b41e24485cea50d1cbac27 -> 
  custom:video-decoder-webm-vp8: 9c59270c3fd7afecdb556c50c9e8de78 -> 
  custom:audio-decoder-ogg-vorbis: bf7c407c2cedff20999df2af8eb42d56 -> 
========================================================================
Received Import Request.
  Time since last request: 1042885.929414 seconds.
  path: Assets/General/Sprites/WeaponScreenShots/dagger.png
  artifactKey: Guid(e77387540dde69d41b4c54dbdd3ffad5) Importer(815301076,1909f56bfc062723c751e8b465ee728b)
Start importing Assets/General/Sprites/WeaponScreenShots/dagger.png using Guid(e77387540dde69d41b4c54dbdd3ffad5) Importer(815301076,1909f56bfc062723c751e8b465ee728b)  -> (artifact id: '9d379fa7ccb0cdb3e4c4ac1bf2a02d6b') in 0.092655 seconds 
========================================================================
Received Import Request.
  Time since last request: 78.767188 seconds.
  path: Assets/DesignPatterns/Creational Patterns/Factory Pattern/Prefab/Bow_01.prefab
  artifactKey: Guid(1edd5f353da3a2746aa4615fe7dd6d49) Importer(815301076,1909f56bfc062723c751e8b465ee728b)
Start importing Assets/DesignPatterns/Creational Patterns/Factory Pattern/Prefab/Bow_01.prefab using Guid(1edd5f353da3a2746aa4615fe7dd6d49) Importer(815301076,1909f56bfc062723c751e8b465ee728b)  -> (artifact id: '99b4efdc166db591b5797d6d0094fefe') in 0.076155 seconds 
========================================================================
Received Import Request.
  Time since last request: 0.000023 seconds.
  path: Assets/DesignPatterns/Creational Patterns/Factory Pattern/Prefab/wand03_blue.prefab
  artifactKey: Guid(f01fb1ebe1923964892f4ff7ac1aaa97) Importer(815301076,1909f56bfc062723c751e8b465ee728b)
Start importing Assets/DesignPatterns/Creational Patterns/Factory Pattern/Prefab/wand03_blue.prefab using Guid(f01fb1ebe1923964892f4ff7ac1aaa97) Importer(815301076,1909f56bfc062723c751e8b465ee728b)  -> (artifact id: 'c956d13b5ccba7f78e295191b2b976b1') in 0.016234 seconds 
========================================================================
Received Import Request.
  Time since last request: 84.664616 seconds.
  path: Assets/General/Sprites/WeaponScreenShots/dagger.png
  artifactKey: Guid(e77387540dde69d41b4c54dbdd3ffad5) Importer(815301076,1909f56bfc062723c751e8b465ee728b)
Start importing Assets/General/Sprites/WeaponScreenShots/dagger.png using Guid(e77387540dde69d41b4c54dbdd3ffad5) Importer(815301076,1909f56bfc062723c751e8b465ee728b)  -> (artifact id: 'f1bd0647cf69efb8c0423ffd3a16e17c') in 0.027152 seconds 
========================================================================
Received Import Request.
  Time since last request: 4.243154 seconds.
  path: Assets/General/Sprites/WeaponScreenShots/daggerrev2.png
  artifactKey: Guid(e04316dea5c69cd428dd6047c3d8b643) Importer(815301076,1909f56bfc062723c751e8b465ee728b)
Start importing Assets/General/Sprites/WeaponScreenShots/daggerrev2.png using Guid(e04316dea5c69cd428dd6047c3d8b643) Importer(815301076,1909f56bfc062723c751e8b465ee728b)  -> (artifact id: 'c0f3b38030c0f6309c47a97654006ba9') in 0.022648 seconds 
========================================================================
Received Import Request.
  Time since last request: 6.221699 seconds.
  path: Assets/General/Sprites/WeaponScreenShots/dagger.png
  artifactKey: Guid(e04316dea5c69cd428dd6047c3d8b643) Importer(815301076,1909f56bfc062723c751e8b465ee728b)
Start importing Assets/General/Sprites/WeaponScreenShots/dagger.png using Guid(e04316dea5c69cd428dd6047c3d8b643) Importer(815301076,1909f56bfc062723c751e8b465ee728b)  -> (artifact id: '59fddd8df91c7f5142c489f07c7fe66c') in 0.018978 seconds 
========================================================================
Received Import Request.
  Time since last request: 14.537847 seconds.
  path: Assets/DesignPatterns/Creational Patterns/Factory Pattern/Scripts/Example Project/ScriptableObjects/Bow.asset
  artifactKey: Guid(938e2e3abeebe404d9dcc95d8f54f09a) Importer(815301076,1909f56bfc062723c751e8b465ee728b)
Start importing Assets/DesignPatterns/Creational Patterns/Factory Pattern/Scripts/Example Project/ScriptableObjects/Bow.asset using Guid(938e2e3abeebe404d9dcc95d8f54f09a) Importer(815301076,1909f56bfc062723c751e8b465ee728b)  -> (artifact id: '55720e3770f0d3fa64d099bd8e69ab97') in 0.011140 seconds 
========================================================================
Received Import Request.
  Time since last request: 0.000027 seconds.
  path: Assets/DesignPatterns/Creational Patterns/Factory Pattern/Scripts/Example Project/ScriptableObjects/Wand.asset
  artifactKey: Guid(ee2d29222f5df424e817d43edf116901) Importer(815301076,1909f56bfc062723c751e8b465ee728b)
Start importing Assets/DesignPatterns/Creational Patterns/Factory Pattern/Scripts/Example Project/ScriptableObjects/Wand.asset using Guid(ee2d29222f5df424e817d43edf116901) Importer(815301076,1909f56bfc062723c751e8b465ee728b)  -> (artifact id: '3c888aced55152e8a0602fe2e9f575bd') in 0.009344 seconds 
========================================================================
Received Import Request.
  Time since last request: 0.000035 seconds.
  path: Assets/DesignPatterns/Creational Patterns/Factory Pattern/Scripts/Example Project/ScriptableObjects/Hammer.asset
  artifactKey: Guid(f003f69bc2e12d54987c2d2bf24c4df7) Importer(815301076,1909f56bfc062723c751e8b465ee728b)
Start importing Assets/DesignPatterns/Creational Patterns/Factory Pattern/Scripts/Example Project/ScriptableObjects/Hammer.asset using Guid(f003f69bc2e12d54987c2d2bf24c4df7) Importer(815301076,1909f56bfc062723c751e8b465ee728b)  -> (artifact id: '8d96f199aef04e06703126a2e75569d5') in 0.009412 seconds 
========================================================================
Received Import Request.
  Time since last request: 20.854002 seconds.
  path: Assets/DesignPatterns/Creational Patterns/Factory Pattern/Prefab/Dagger_01.prefab
  artifactKey: Guid(440e034f8665a294e8bd8e0291f0b62b) Importer(815301076,1909f56bfc062723c751e8b465ee728b)
Start importing Assets/DesignPatterns/Creational Patterns/Factory Pattern/Prefab/Dagger_01.prefab using Guid(440e034f8665a294e8bd8e0291f0b62b) Importer(815301076,1909f56bfc062723c751e8b465ee728b)  -> (artifact id: 'c82523ba7e5efd0d672e39dbff240a76') in 0.009233 seconds 
========================================================================
Received Import Request.
  Time since last request: 0.000014 seconds.
  path: Assets/DesignPatterns/Creational Patterns/Factory Pattern/Prefab/Sword_01.prefab
  artifactKey: Guid(27178d12553f565468271168a2786a70) Importer(815301076,1909f56bfc062723c751e8b465ee728b)
Start importing Assets/DesignPatterns/Creational Patterns/Factory Pattern/Prefab/Sword_01.prefab using Guid(27178d12553f565468271168a2786a70) Importer(815301076,1909f56bfc062723c751e8b465ee728b)  -> (artifact id: 'fc951fdbe431e037bd07b49fc296412e') in 0.010419 seconds 
========================================================================
Received Import Request.
  Time since last request: 0.000015 seconds.
  path: Assets/DesignPatterns/Creational Patterns/Factory Pattern/Prefab/wand03_blue.prefab
  artifactKey: Guid(f01fb1ebe1923964892f4ff7ac1aaa97) Importer(815301076,1909f56bfc062723c751e8b465ee728b)
Start importing Assets/DesignPatterns/Creational Patterns/Factory Pattern/Prefab/wand03_blue.prefab using Guid(f01fb1ebe1923964892f4ff7ac1aaa97) Importer(815301076,1909f56bfc062723c751e8b465ee728b)  -> (artifact id: '89a91b8c10664055c40d5bc453f7ed5e') in 0.011215 seconds 
Editor requested this worker to shutdown with reason: Scaling down because of idle timeout
AssetImportWorker is now disconnected from the server
Process exiting
Exiting without the bug reporter. Application will terminate with return code 0